Using pre-set license
Built from '2022.3/staging' branch; Version is '2022.3.24f1 (334eb2a0b267) revision 3362482'; Using compiler version '192829333'; Build Type 'Release'
OS: 'Windows 11  (10.0.22631) 64bit Professional' Language: 'en' Physical Memory: 32443 MB
BatchMode: 1, IsHumanControllingUs: 0, StartBugReporterOnCrash: 0, Is64bit: 1, IsPro: 1

COMMAND LINE ARGUMENTS:
C:\Program Files\Unity\Hub\Editor\2022.3.24f1\Editor\Unity.exe
-adb2
-batchMode
-noUpm
-name
AssetImportWorker0
-projectPath
D:/SourceCode/Git/toneyisnow/windingtale/WindingTale
-logFile
Logs/AssetImportWorker0.log
-srvPort
60181
Successfully changed project path to: D:/SourceCode/Git/toneyisnow/windingtale/WindingTale
D:/SourceCode/Git/toneyisnow/windingtale/WindingTale
[UnityMemory] Configuration Parameters - Can be set up in boot.config
    "memorysetup-bucket-allocator-granularity=16"
    "memorysetup-bucket-allocator-bucket-count=8"
    "memorysetup-bucket-allocator-block-size=33554432"
    "memorysetup-bucket-allocator-block-count=8"
    "memorysetup-main-allocator-block-size=16777216"
    "memorysetup-thread-allocator-block-size=16777216"
    "memorysetup-gfx-main-allocator-block-size=16777216"
    "memorysetup-gfx-thread-allocator-block-size=16777216"
    "memorysetup-cache-allocator-block-size=4194304"
    "memorysetup-typetree-allocator-block-size=2097152"
    "memorysetup-profiler-bucket-allocator-granularity=16"
    "memorysetup-profiler-bucket-allocator-bucket-count=8"
    "memorysetup-profiler-bucket-allocator-block-size=33554432"
    "memorysetup-profiler-bucket-allocator-block-count=8"
    "memorysetup-profiler-allocator-block-size=16777216"
    "memorysetup-profiler-editor-allocator-block-size=1048576"
    "memorysetup-temp-allocator-size-main=16777216"
    "memorysetup-job-temp-allocator-block-size=2097152"
    "memorysetup-job-temp-allocator-block-size-background=1048576"
    "memorysetup-job-temp-allocator-reduction-small-platforms=262144"
    "memorysetup-allocator-temp-initial-block-size-main=262144"
    "memorysetup-allocator-temp-initial-block-size-worker=262144"
    "memorysetup-temp-allocator-size-background-worker=32768"
    "memorysetup-temp-allocator-size-job-worker=262144"
    "memorysetup-temp-allocator-size-preload-manager=33554432"
    "memorysetup-temp-allocator-size-nav-mesh-worker=65536"
    "memorysetup-temp-allocator-size-audio-worker=65536"
    "memorysetup-temp-allocator-size-cloud-worker=32768"
    "memorysetup-temp-allocator-size-gi-baking-worker=262144"
    "memorysetup-temp-allocator-size-gfx=262144"
Player connection [40200] Host "[IP] 172.25.96.1 [Port] 0 [Flags] 2 [Guid] 4112274102 [EditorId] 4112274102 [Version] 1048832 [Id] WindowsEditor(7,toneyalien12) [Debug] 1 [PackageName] WindowsEditor [ProjectName] Editor" joined multi-casting on [225.0.0.222:54997]...

Player connection [40200] Host "[IP] 172.25.96.1 [Port] 0 [Flags] 2 [Guid] 4112274102 [EditorId] 4112274102 [Version] 1048832 [Id] WindowsEditor(7,toneyalien12) [Debug] 1 [PackageName] WindowsEditor [ProjectName] Editor" joined alternative multi-casting on [225.0.0.222:34997]...

[Physics::Module] Initialized MultithreadedJobDispatcher with 15 workers.
Refreshing native plugins compatible for Editor in 7.04 ms, found 2 plugins.
Preloading 0 native plugins for Editor in 0.00 ms.
Initialize engine version: 2022.3.24f1 (334eb2a0b267)
[Subsystems] Discovering subsystems at path C:/Program Files/Unity/Hub/Editor/2022.3.24f1/Editor/Data/Resources/UnitySubsystems
[Subsystems] Discovering subsystems at path D:/SourceCode/Git/toneyisnow/windingtale/WindingTale/Assets
GfxDevice: creating device client; threaded=0; jobified=0
Direct3D:
    Version:  Direct3D 11.0 [level 11.1]
    Renderer: NVIDIA GeForce RTX 3060 Ti (ID=0x2489)
    Vendor:   NVIDIA
    VRAM:     8038 MB
    Driver:   31.0.15.3619
Initialize mono
Mono path[0] = 'C:/Program Files/Unity/Hub/Editor/2022.3.24f1/Editor/Data/Managed'
Mono path[1] = 'C:/Program Files/Unity/Hub/Editor/2022.3.24f1/Editor/Data/MonoBleedingEdge/lib/mono/unityjit-win32'
Mono config path = 'C:/Program Files/Unity/Hub/Editor/2022.3.24f1/Editor/Data/MonoBleedingEdge/etc'
Using monoOptions --debugger-agent=transport=dt_socket,embedding=1,server=y,suspend=n,address=127.0.0.1:56640
Begin MonoManager ReloadAssembly
Registering precompiled unity dll's ...
Register platform support module: C:/Program Files/Unity/Hub/Editor/2022.3.24f1/Editor/Data/PlaybackEngines/WindowsStandaloneSupport/UnityEditor.WindowsStandalone.Extensions.dll
Registered in 0.023083 seconds.
- Loaded All Assemblies, in  0.442 seconds
Native extension for WindowsStandalone target not found
Mono: successfully reloaded assembly
- Finished resetting the current domain, in  0.275 seconds
Domain Reload Profiling: 709ms
	BeginReloadAssembly (172ms)
		ExecutionOrderSort (0ms)
		DisableScriptedObjects (0ms)
		BackupInstance (0ms)
		ReleaseScriptingObjects (0ms)
		CreateAndSetChildDomain (1ms)
	RebuildCommonClasses (38ms)
	RebuildNativeTypeToScriptingClass (12ms)
	initialDomainReloadingComplete (92ms)
	LoadAllAssembliesAndSetupDomain (119ms)
		LoadAssemblies (163ms)
		RebuildTransferFunctionScriptingTraits (0ms)
		AnalyzeDomain (116ms)
			TypeCache.Refresh (115ms)
				TypeCache.ScanAssembly (102ms)
			ScanForSourceGeneratedMonoScriptInfo (0ms)
			ResolveRequiredComponents (1ms)
	FinalizeReload (276ms)
		ReleaseScriptCaches (0ms)
		RebuildScriptCaches (0ms)
		SetupLoadedEditorAssemblies (221ms)
			LogAssemblyErrors (0ms)
			InitializePlatformSupportModulesInManaged (14ms)
			SetLoadedEditorAssemblies (7ms)
			RefreshPlugins (0ms)
			BeforeProcessingInitializeOnLoad (3ms)
			ProcessInitializeOnLoadAttributes (143ms)
			ProcessInitializeOnLoadMethodAttributes (54ms)
			AfterProcessingInitializeOnLoad (0ms)
			EditorAssembliesLoaded (0ms)
		ExecutionOrderSort2 (0ms)
		AwakeInstancesAfterBackupRestoration (0ms)
========================================================================
Worker process is ready to serve import requests
Begin MonoManager ReloadAssembly
- Loaded All Assemblies, in  0.731 seconds
Refreshing native plugins compatible for Editor in 3.00 ms, found 2 plugins.
Native extension for WindowsStandalone target not found
Package Manager log level set to [2]
[Package Manager] Server::EnsureServerProcessIsRunning -- launch failed, reason: Unity was launched with the -noUpm command-line argument
[Package Manager] UpmClient::Send -- Unable to send message (not connected to UPM process).
[Package Manager] Cannot connect to Unity Package Manager local server
Mono: successfully reloaded assembly
- Finished resetting the current domain, in  0.641 seconds
Domain Reload Profiling: 1360ms
	BeginReloadAssembly (215ms)
		ExecutionOrderSort (0ms)
		DisableScriptedObjects (5ms)
		BackupInstance (0ms)
		ReleaseScriptingObjects (0ms)
		CreateAndSetChildDomain (24ms)
	RebuildCommonClasses (35ms)
	RebuildNativeTypeToScriptingClass (9ms)
	initialDomainReloadingComplete (57ms)
	LoadAllAssembliesAndSetupDomain (402ms)
		LoadAssemblies (426ms)
		RebuildTransferFunctionScriptingTraits (0ms)
		AnalyzeDomain (123ms)
			TypeCache.Refresh (110ms)
				TypeCache.ScanAssembly (93ms)
			ScanForSourceGeneratedMonoScriptInfo (9ms)
			ResolveRequiredComponents (3ms)
	FinalizeReload (642ms)
		ReleaseScriptCaches (0ms)
		RebuildScriptCaches (0ms)
		SetupLoadedEditorAssemblies (495ms)
			LogAssemblyErrors (0ms)
			InitializePlatformSupportModulesInManaged (14ms)
			SetLoadedEditorAssemblies (5ms)
			RefreshPlugins (0ms)
			BeforeProcessingInitializeOnLoad (81ms)
			ProcessInitializeOnLoadAttributes (339ms)
			ProcessInitializeOnLoadMethodAttributes (23ms)
			AfterProcessingInitializeOnLoad (31ms)
			EditorAssembliesLoaded (0ms)
		ExecutionOrderSort2 (0ms)
		AwakeInstancesAfterBackupRestoration (12ms)
Launched and connected shader compiler UnityShaderCompiler.exe after 0.08 seconds
Refreshing native plugins compatible for Editor in 4.56 ms, found 2 plugins.
Preloading 0 native plugins for Editor in 0.00 ms.
Unloading 1678 Unused Serialized files (Serialized files now loaded: 0)
Unloading 29 unused Assets / (30.8 KB). Loaded Objects now: 2163.
Memory consumption went from 116.6 MB to 116.6 MB.
Total: 3.805500 ms (FindLiveObjects: 0.158000 ms CreateObjectMapping: 0.062000 ms MarkObjects: 3.492500 ms  DeleteObjects: 0.091400 ms)

AssetImportParameters requested are different than current active one (requested -> active):
  custom:video-decoder-webm-vp8: 9c59270c3fd7afecdb556c50c9e8de78 -> 
  custom:SearchIndexIgnoredProperties: e643bd26f0fe6173181afceb89e7c659 -> 
  custom:container-demuxer-ogg: 62fdf1f143b41e24485cea50d1cbac27 -> 
  custom:AudioImporter_EditorPlatform: d09bf68614088b80899f8185d706f6e7 -> 
  custom:video-codec-MediaFoundation-h265: 746d11721c4dcdbdad8f713fa42b33f4 -> 
  custom:video-decoder-ogg-theora: a1e56fd34408186e4bbccfd4996cb3dc -> 
  custom:framework-win-MediaFoundation: 216162199b28c13a410421893ffa2e32 -> 
  custom:video-encoder-webm-vp8: eb34c28f22e8b96e1ab97ce403110664 -> 
  custom:audio-decoder-ogg-vorbis: bf7c407c2cedff20999df2af8eb42d56 -> 
  custom:CustomObjectIndexerAttribute: 9a22284fe3817be447336de3de66b15e -> 
  custom:container-demuxer-webm: 4f35f7cbe854078d1ac9338744f61a02 -> 
  custom:audio-encoder-webm-vorbis: bf7c407c2cedff20999df2af8eb42d56 -> 
  custom:container-muxer-webm: aa71ff27fc2769a1b78a27578f13a17b -> 
========================================================================
Received Import Request.
  Time since last request: 502382.781838 seconds.
  path: Assets/Resources/Materials/GreyoutShader.shader
  artifactKey: Guid(b0027a58b5296594bb60923b7cd799e2) Importer(815301076,1909f56bfc062723c751e8b465ee728b)
Start importing Assets/Resources/Materials/GreyoutShader.shader using Guid(b0027a58b5296594bb60923b7cd799e2) Importer(815301076,1909f56bfc062723c751e8b465ee728b)  -> (artifact id: 'cafbbe2bda288c40854777bd1dc982ff') in 0.011575 seconds
Number of updated asset objects reloaded before import = 0
Number of asset objects unloaded after import = 0
========================================================================
Received Import Request.
  Time since last request: 404070.554975 seconds.
  path: Assets/Resources/Fonts/FontAssets
  artifactKey: Guid(cc47e9ad69f18a14cb4d252ced2654e0) Importer(815301076,1909f56bfc062723c751e8b465ee728b)
Start importing Assets/Resources/Fonts/FontAssets using Guid(cc47e9ad69f18a14cb4d252ced2654e0) Importer(815301076,1909f56bfc062723c751e8b465ee728b)  -> (artifact id: '19dca0e06ed50034d8f76250e1b1e954') in 0.012474 seconds
Number of updated asset objects reloaded before import = 0
Number of asset objects unloaded after import = 0
========================================================================
Received Import Request.
  Time since last request: 2.067417 seconds.
  path: Assets/Resources/Fonts/CharacterList
  artifactKey: Guid(ba7612a1b31df8247a08ddc400dc7ec7) Importer(815301076,1909f56bfc062723c751e8b465ee728b)
Start importing Assets/Resources/Fonts/CharacterList using Guid(ba7612a1b31df8247a08ddc400dc7ec7) Importer(815301076,1909f56bfc062723c751e8b465ee728b)  -> (artifact id: 'fd3703c9f2a09c19e517aa6edb5f650a') in 0.001885 seconds
Number of updated asset objects reloaded before import = 0
Number of asset objects unloaded after import = 0
========================================================================
Received Import Request.
  Time since last request: 3.649597 seconds.
  path: Assets/Resources/Fonts/CharacterList/CharacterList_Common.txt
  artifactKey: Guid(63c6319396d436b45a73ee751b3bb642) Importer(815301076,1909f56bfc062723c751e8b465ee728b)
Start importing Assets/Resources/Fonts/CharacterList/CharacterList_Common.txt using Guid(63c6319396d436b45a73ee751b3bb642) Importer(815301076,1909f56bfc062723c751e8b465ee728b)  -> (artifact id: '2505a108297571a54fdc047064cccb5a') in 0.021748 seconds
Number of updated asset objects reloaded before import = 0
Number of asset objects unloaded after import = 1
========================================================================
Received Import Request.
  Time since last request: 377.396588 seconds.
  path: Assets/Resources/Fonts/CharacterList/CharacterList_Creature.txt
  artifactKey: Guid(3abe2a3a5b165d84c9347fc540928ebe) Importer(815301076,1909f56bfc062723c751e8b465ee728b)
Start importing Assets/Resources/Fonts/CharacterList/CharacterList_Creature.txt using Guid(3abe2a3a5b165d84c9347fc540928ebe) Importer(815301076,1909f56bfc062723c751e8b465ee728b)  -> (artifact id: '1b08222cc7816945cf1bb5c914ba21c1') in 0.002226 seconds
Number of updated asset objects reloaded before import = 0
Number of asset objects unloaded after import = 1
========================================================================
Received Import Request.
  Time since last request: 3.068131 seconds.
  path: Assets/Resources/Fonts/CharacterList/CharacterList_Item.txt
  artifactKey: Guid(c55e509ae41b3e34ab21cc1e7b2c8d39) Importer(815301076,1909f56bfc062723c751e8b465ee728b)
Start importing Assets/Resources/Fonts/CharacterList/CharacterList_Item.txt using Guid(c55e509ae41b3e34ab21cc1e7b2c8d39) Importer(815301076,1909f56bfc062723c751e8b465ee728b)  -> (artifact id: '3c6defa4d752a89e80e3cf02153c0eb8') in 0.001274 seconds
Number of updated asset objects reloaded before import = 0
Number of asset objects unloaded after import = 1
========================================================================
Received Import Request.
  Time since last request: 2.594037 seconds.
  path: Assets/Resources/Fonts/CharacterList/CharacterList_Magic.txt
  artifactKey: Guid(9dca15735b5ab9e479fff70a73b09398) Importer(815301076,1909f56bfc062723c751e8b465ee728b)
Start importing Assets/Resources/Fonts/CharacterList/CharacterList_Magic.txt using Guid(9dca15735b5ab9e479fff70a73b09398) Importer(815301076,1909f56bfc062723c751e8b465ee728b)  -> (artifact id: '9c7574b3cfcf0f41d80bd95260572702') in 0.001400 seconds
Number of updated asset objects reloaded before import = 0
Number of asset objects unloaded after import = 1
========================================================================
Received Import Request.
  Time since last request: 2.145033 seconds.
  path: Assets/Resources/Fonts/CharacterList/CharacterList_Message.txt
  artifactKey: Guid(652428942c1dd0845aa8c91a96b598b9) Importer(815301076,1909f56bfc062723c751e8b465ee728b)
Start importing Assets/Resources/Fonts/CharacterList/CharacterList_Message.txt using Guid(652428942c1dd0845aa8c91a96b598b9) Importer(815301076,1909f56bfc062723c751e8b465ee728b)  -> (artifact id: '465ff9db5934a6ed2a85d74f36b6142b') in 0.001191 seconds
Number of updated asset objects reloaded before import = 0
Number of asset objects unloaded after import = 1
========================================================================
Received Import Request.
  Time since last request: 0.392956 seconds.
  path: Assets/Resources/Fonts/CharacterList/CharacterList_Occupation.txt
  artifactKey: Guid(2e60e2b07e0dffe48b161d47e9f51f1e) Importer(815301076,1909f56bfc062723c751e8b465ee728b)
Start importing Assets/Resources/Fonts/CharacterList/CharacterList_Occupation.txt using Guid(2e60e2b07e0dffe48b161d47e9f51f1e) Importer(815301076,1909f56bfc062723c751e8b465ee728b)  -> (artifact id: 'c59a608c0088dbca04f2cca445f72bc2') in 0.001710 seconds
Number of updated asset objects reloaded before import = 0
Number of asset objects unloaded after import = 1
========================================================================
Received Import Request.
  Time since last request: 0.567081 seconds.
  path: Assets/Resources/Fonts/CharacterList/CharacterList_Race.txt
  artifactKey: Guid(8107f70a04318fa4496cd682203597bb) Importer(815301076,1909f56bfc062723c751e8b465ee728b)
Start importing Assets/Resources/Fonts/CharacterList/CharacterList_Race.txt using Guid(8107f70a04318fa4496cd682203597bb) Importer(815301076,1909f56bfc062723c751e8b465ee728b)  -> (artifact id: 'fcf642468a8e35e0b9bebc2936553e42') in 0.001366 seconds
Number of updated asset objects reloaded before import = 0
Number of asset objects unloaded after import = 1
========================================================================
Received Import Request.
  Time since last request: 0.387493 seconds.
  path: Assets/Resources/Fonts/CharacterList/CharacterList_Village.txt
  artifactKey: Guid(5e35518253155104e8159fe43316dffe) Importer(815301076,1909f56bfc062723c751e8b465ee728b)
Start importing Assets/Resources/Fonts/CharacterList/CharacterList_Village.txt using Guid(5e35518253155104e8159fe43316dffe) Importer(815301076,1909f56bfc062723c751e8b465ee728b)  -> (artifact id: 'eb917abe8f7abce614b80e5f00be6c9b') in 0.001035 seconds
Number of updated asset objects reloaded before import = 0
Number of asset objects unloaded after import = 1
========================================================================
Received Import Request.
  Time since last request: 2761.725010 seconds.
  path: Assets/Resources/Fonts/CharacterList/CharacterList_Chapter-00.txt
  artifactKey: Guid(475c87a7f2e3a89489e13c00fc1e9852) Importer(815301076,1909f56bfc062723c751e8b465ee728b)
Start importing Assets/Resources/Fonts/CharacterList/CharacterList_Chapter-00.txt using Guid(475c87a7f2e3a89489e13c00fc1e9852) Importer(815301076,1909f56bfc062723c751e8b465ee728b)  -> (artifact id: '9137f41cb6407a6abc47235f75da8812') in 0.009191 seconds
Number of updated asset objects reloaded before import = 0
Number of asset objects unloaded after import = 1
========================================================================
Received Import Request.
  Time since last request: 0.995804 seconds.
  path: Assets/Resources/Fonts/CharacterList/CharacterList_Chapter-01.txt
  artifactKey: Guid(b36b4fa350e50c44dba80819ba7fac84) Importer(815301076,1909f56bfc062723c751e8b465ee728b)
Start importing Assets/Resources/Fonts/CharacterList/CharacterList_Chapter-01.txt using Guid(b36b4fa350e50c44dba80819ba7fac84) Importer(815301076,1909f56bfc062723c751e8b465ee728b)  -> (artifact id: '6c2727f49fbf8cd1be739abedfb42535') in 0.002197 seconds
Number of updated asset objects reloaded before import = 0
Number of asset objects unloaded after import = 1
========================================================================
Received Import Request.
  Time since last request: 1495830.559778 seconds.
  path: Assets/Scripts/Core/Common/Callbacks.cs
  artifactKey: Guid(866ebd31b1de69a4baf0e29f07b459ae) Importer(815301076,1909f56bfc062723c751e8b465ee728b)
Start importing Assets/Scripts/Core/Common/Callbacks.cs using Guid(866ebd31b1de69a4baf0e29f07b459ae) Importer(815301076,1909f56bfc062723c751e8b465ee728b)  -> (artifact id: 'c166afe007fcccc848c1a8f2ef40026a') in 0.016324 seconds
Number of updated asset objects reloaded before import = 0
Number of asset objects unloaded after import = 0
TcpMessagingSession - receive error
AssetImportWorkerClient::OnTransportError - code=10054 error=An existing connection was forcibly closed by the remote host.
